<?xml version="1.0" encoding="UTF-8"?>
<testsuite name="test_dynamic_controls.TestDynamicControls-20250417000753" tests="2" file="test_dynamic_controls.py" time="14.290" timestamp="2025-04-17T00:08:13" failures="0" errors="0" skipped="0">
	<testcase classname="test_dynamic_controls.TestDynamicControls" name="test_1_checkbox_flow" time="7.141" timestamp="2025-04-17T00:08:06" file="test_dynamic_controls.py" line="23">
		<system-out><![CDATA[
✅ Test 1 - Testing checkbox removal/addition...
✔ Checkbox successfully removed
✔ Checkbox successfully restored
]]></system-out>
	</testcase>
	<testcase classname="test_dynamic_controls.TestDynamicControls" name="test_2_input_flow" time="7.149" timestamp="2025-04-17T00:08:13" file="test_dynamic_controls.py" line="49">
		<system-out><![CDATA[
✅ Test 2 - Testing input enable/disable...
✔ Input successfully enabled and text entered
✔ Input successfully disabled
]]></system-out>
	</testcase>
</testsuite>
